<?xml version="1.0" encoding="UTF-8"?>
<!-- Generated by org.testng.reporters.JUnitXMLReporter -->
<testsuite ignored="0" hostname="Rahul-Kumar" failures="0" tests="8" name="parallelTest2" time="0.1" errors="0" timestamp="2023-04-07T12:59:09 IST">
  <testcase classname="com.ParallelTest.Class3" name="m12" time="0.014"/>
  <testcase classname="com.ParallelTest.Class3" name="m13" time="0.002"/>
  <testcase classname="com.ParallelTest.Class3" name="m14" time="0.003"/>
  <testcase classname="com.ParallelTest.Class3" name="m15" time="0.001"/>
  <testcase classname="com.ParallelTest.Class4" name="m1" time="0.003"/>
  <testcase classname="com.ParallelTest.Class4" name="m2" time="0.002"/>
  <testcase classname="com.ParallelTest.Class4" name="m3" time="0.003"/>
  <testcase classname="com.ParallelTest.Class4" name="m4" time="0.001"/>
</testsuite> <!-- parallelTest2 -->
