<?xml version="1.0" encoding="UTF-8"?>
<!-- Generated by org.testng.reporters.JUnitXMLReporter -->
<testsuite ignored="0" hostname="Rahul-Kumar" failures="0" tests="7" name="parallelTest1" time="0.099" errors="0" timestamp="2023-04-07T12:59:09 IST">
  <testcase classname="com.ParallelTest.Class1" name="m1" time="0.014"/>
  <testcase classname="com.ParallelTest.Class1" name="m2" time="0.001"/>
  <testcase classname="com.ParallelTest.Class1" name="m3" time="0.002"/>
  <testcase classname="com.ParallelTest.Class1" name="m4" time="0.002"/>
  <testcase classname="com.ParallelTest.Class2" name="m5" time="0.001"/>
  <testcase classname="com.ParallelTest.Class2" name="m6" time="0.001"/>
  <testcase classname="com.ParallelTest.Class2" name="m7" time="0.001"/>
</testsuite> <!-- parallelTest1 -->
