<?xml version="1.0" encoding="UTF-8"?>
<!-- Generated by org.testng.reporters.JUnitXMLReporter -->
<testsuite ignored="0" hostname="LAPTOP-OQICQHPQ" failures="0" tests="6" name="Test" time="0.009" errors="0" timestamp="2023-03-20T12:49:32 IST">
  <testcase classname="com.ParallelTest.Class4" name="m1" time="0.001"/>
  <testcase classname="com.ParallelTest.Class5" name="m16" time="0.001"/>
  <testcase classname="com.ParallelTest.Class4" name="m2" time="0.0"/>
  <testcase classname="com.ParallelTest.Class5" name="m17" time="0.001"/>
  <testcase classname="com.ParallelTest.Class4" name="m3" time="0.001"/>
  <testcase classname="com.ParallelTest.Class4" name="m4" time="0.001"/>
</testsuite> <!-- Test -->
